<?xml version="1.0" encoding="UTF-8"?>
<!-- Generated by org.testng.reporters.JUnitReportReporter -->
<testsuite hostname="LAPTOP-SRRUJP9F" failures="0" tests="1" name="com.Saucedemo.TestClass.TC03loginpage1" time="10.067" errors="0" timestamp="2022-05-29T15:38:33 IST" skipped="0">
  <testcase classname="com.Saucedemo.TestClass.TC03loginpage1" name="LoginFucationlity" time="10.067"/>
  <system-out/>
</testsuite> <!-- com.Saucedemo.TestClass.TC03loginpage1 -->
